Flow report for counter12
Wed Apr 15 22:59:49 2009
Quartus II Version 9.0 Build 132 02/25/2009 SJ Web Edition


---------------------
; Table of Contents ;
---------------------
  1. Legal Notice
  2. Flow Summary
  3. Flow Settings
  4. Flow Non-Default Global Settings
  5. Flow Elapsed Time
  6. Flow OS Summary
  7. Flow Log



----------------
; Legal Notice ;
----------------
Copyright (C) 1991-2009 Altera Corporation
Your use of Altera Corporation's design tools, logic functions 
and other software and tools, and its AMPP partner logic 
functions, and any output files from any of the foregoing 
(including device programming or simulation files), and any 
associated documentation or information are expressly subject 
to the terms and conditions of the Altera Program License 
Subscription Agreement, Altera MegaCore Function License 
Agreement, or other applicable license agreement, including, 
without limitation, that your use is for the sole purpose of 
programming logic devices manufactured by Altera and sold by 
Altera or its authorized distributors.  Please refer to the 
applicable agreement for further details.



+-------------------------------------------------------------------------+
; Flow Summary                                                            ;
+-------------------------------+-----------------------------------------+
; Flow Status                   ; Successful - Wed Apr 15 22:59:49 2009   ;
; Quartus II Version            ; 9.0 Build 132 02/25/2009 SJ Web Edition ;
; Revision Name                 ; counter12                               ;
; Top-level Entity Name         ; main                                    ;
; Family                        ; Stratix II                              ;
; Met timing requirements       ; Yes                                     ;
; Logic utilization             ; < 1 %                                   ;
;     Combinational ALUTs       ; 9 / 12,480 ( < 1 % )                    ;
;     Dedicated logic registers ; 7 / 12,480 ( < 1 % )                    ;
; Total registers               ; 7                                       ;
; Total pins                    ; 11 / 343 ( 3 % )                        ;
; Total virtual pins            ; 0                                       ;
; Total block memory bits       ; 0 / 419,328 ( 0 % )                     ;
; DSP block 9-bit elements      ; 0 / 96 ( 0 % )                          ;
; Total PLLs                    ; 0 / 6 ( 0 % )                           ;
; Total DLLs                    ; 0 / 2 ( 0 % )                           ;
; Device                        ; EP2S15F484C3                            ;
; Timing Models                 ; Final                                   ;
+-------------------------------+-----------------------------------------+


+-----------------------------------------+
; Flow Settings                           ;
+-------------------+---------------------+
; Option            ; Setting             ;
+-------------------+---------------------+
; Start date & time ; 04/15/2009 22:59:24 ;
; Main task         ; Compilation         ;
; Revision Name     ; counter12           ;
+-------------------+---------------------+


+--------------------------------------------------------------------------------------------------+
; Flow Non-Default Global Settings                                                                 ;
+------------------------+------------------------------+---------------+-------------+------------+
; Assignment Name        ; Value                        ; Default Value ; Entity Name ; Section Id ;
+------------------------+------------------------------+---------------+-------------+------------+
; COMPILER_SIGNATURE_ID  ; 206572595103.123980756300372 ; --            ; --          ; --         ;
; PARTITION_COLOR        ; 16764057                     ; --            ; main        ; Top        ;
; PARTITION_NETLIST_TYPE ; SOURCE                       ; --            ; main        ; Top        ;
; TOP_LEVEL_ENTITY       ; main                         ; counter12     ; --          ; --         ;
+------------------------+------------------------------+---------------+-------------+------------+


+-----------------------------------------------------------------------------------------------------------------------------+
; Flow Elapsed Time                                                                                                           ;
+-------------------------+--------------+-------------------------+---------------------+------------------------------------+
; Module Name             ; Elapsed Time ; Average Processors Used ; Peak Virtual Memory ; Total CPU Time (on all processors) ;
+-------------------------+--------------+-------------------------+---------------------+------------------------------------+
; Analysis & Synthesis    ; 00:00:02     ; 1.0                     ; 173 MB              ; 00:00:02                           ;
; Fitter                  ; 00:00:10     ; 1.0                     ; 213 MB              ; 00:00:10                           ;
; Assembler               ; 00:00:07     ; 1.0                     ; 188 MB              ; 00:00:07                           ;
; Classic Timing Analyzer ; 00:00:01     ; 1.0                     ; 122 MB              ; 00:00:01                           ;
; Total                   ; 00:00:20     ; --                      ; --                  ; 00:00:20                           ;
+-------------------------+--------------+-------------------------+---------------------+------------------------------------+


+---------------------------------------------------------------------------------------+
; Flow OS Summary                                                                       ;
+-------------------------+------------------+------------+------------+----------------+
; Module Name             ; Machine Hostname ; OS Name    ; OS Version ; Processor type ;
+-------------------------+------------------+------------+------------+----------------+
; Analysis & Synthesis    ; pc               ; Windows XP ; 5.1        ; i1586          ;
; Fitter                  ; pc               ; Windows XP ; 5.1        ; i1586          ;
; Assembler               ; pc               ; Windows XP ; 5.1        ; i1586          ;
; Classic Timing Analyzer ; pc               ; Windows XP ; 5.1        ; i1586          ;
+-------------------------+------------------+------------+------------+----------------+


------------
; Flow Log ;
------------
quartus_map --read_settings_files=on --write_settings_files=off 模12计数器 -c counter12
quartus_fit --read_settings_files=off --write_settings_files=off 模12计数器 -c counter12
quartus_asm --read_settings_files=off --write_settings_files=off 模12计数器 -c counter12
quartus_tan --read_settings_files=off --write_settings_files=off 模12计数器 -c counter12 --timing_analysis_only



