Flow report for main
Thu May 07 22:55:45 2009
Quartus II Version 9.0 Build 132 02/25/2009 SJ Web Edition


---------------------
; Table of Contents ;
---------------------
  1. Legal Notice
  2. Flow Summary
  3. Flow Settings
  4. Flow Non-Default Global Settings
  5. Flow Elapsed Time
  6. Flow OS Summary
  7. Flow Log



----------------
; Legal Notice ;
----------------
Copyright (C) 1991-2009 Altera Corporation
Your use of Altera Corporation's design tools, logic functions 
and other software and tools, and its AMPP partner logic 
functions, and any output files from any of the foregoing 
(including device programming or simulation files), and any 
associated documentation or information are expressly subject 
to the terms and conditions of the Altera Program License 
Subscription Agreement, Altera MegaCore Function License 
Agreement, or other applicable license agreement, including, 
without limitation, that your use is for the sole purpose of 
programming logic devices manufactured by Altera and sold by 
Altera or its authorized distributors.  Please refer to the 
applicable agreement for further details.



+------------------------------------------------------------------------------+
; Flow Summary                                                                 ;
+------------------------------------+-----------------------------------------+
; Flow Status                        ; Successful - Thu May 07 22:55:44 2009   ;
; Quartus II Version                 ; 9.0 Build 132 02/25/2009 SJ Web Edition ;
; Revision Name                      ; main                                    ;
; Top-level Entity Name              ; main                                    ;
; Family                             ; Cyclone II                              ;
; Device                             ; EP2C5T144C6                             ;
; Timing Models                      ; Final                                   ;
; Met timing requirements            ; No                                      ;
; Total logic elements               ; 740 / 4,608 ( 16 % )                    ;
;     Total combinational functions  ; 522 / 4,608 ( 11 % )                    ;
;     Dedicated logic registers      ; 533 / 4,608 ( 12 % )                    ;
; Total registers                    ; 533                                     ;
; Total pins                         ; 46 / 89 ( 52 % )                        ;
; Total virtual pins                 ; 0                                       ;
; Total memory bits                  ; 43,008 / 119,808 ( 36 % )               ;
; Embedded Multiplier 9-bit elements ; 0 / 26 ( 0 % )                          ;
; Total PLLs                         ; 0 / 2 ( 0 % )                           ;
+------------------------------------+-----------------------------------------+


+-----------------------------------------+
; Flow Settings                           ;
+-------------------+---------------------+
; Option            ; Setting             ;
+-------------------+---------------------+
; Start date & time ; 05/07/2009 22:54:34 ;
; Main task         ; Compilation         ;
; Revision Name     ; main                ;
+-------------------+---------------------+


+-----------------------------------------------------------------------------------------------------------------------------------------------------------------------------+
; Flow Non-Default Global Settings                                                                                                                                            ;
+-------------------------------------+-----------------------------------------------------------------------+--------------------------------+-------------+----------------+
; Assignment Name                     ; Value                                                                 ; Default Value                  ; Entity Name ; Section Id     ;
+-------------------------------------+-----------------------------------------------------------------------+--------------------------------+-------------+----------------+
; COMPILER_SIGNATURE_ID               ; 206572595103.124170807403236                                          ; --                             ; --          ; --             ;
; ENABLE_LOGIC_ANALYZER_INTERFACE     ; Off                                                                   ; --                             ; --          ; --             ;
; ENABLE_SIGNALTAP                    ; On                                                                    ; --                             ; --          ; --             ;
; FITTER_EFFORT                       ; Standard Fit                                                          ; Auto Fit                       ; --          ; --             ;
; MAX_CORE_JUNCTION_TEMP              ; 85                                                                    ; --                             ; --          ; --             ;
; MIN_CORE_JUNCTION_TEMP              ; 0                                                                     ; --                             ; --          ; --             ;
; MISC_FILE                           ; D:/Êý×Ö´æ´¢Ê¾²¨Æ÷/FPGA/main.dpf                                       ; --                             ; --          ; --             ;
; OPTIMIZE_HOLD_TIMING                ; All Paths                                                             ; IO Paths and Minimum TPD Paths ; --          ; --             ;
; PARTITION_COLOR                     ; 16764057                                                              ; --                             ; --          ; Top            ;
; PARTITION_FITTER_PRESERVATION_LEVEL ; PLACEMENT                                                             ; --                             ; --          ; Top            ;
; PARTITION_NETLIST_TYPE              ; SOURCE                                                                ; --                             ; --          ; Top            ;
; PROJECT_OUTPUT_DIRECTORY            ; ±¨¸æ                                                                  ; --                             ; --          ; --             ;
; SLD_NODE_CREATOR_ID                 ; 110                                                                   ; --                             ; --          ; --             ;
; SLD_NODE_ENTITY_NAME                ; sld_signaltap                                                         ; --                             ; --          ; --             ;
; SLD_NODE_PARAMETER_ASSIGNMENT       ; SLD_NODE_INFO=805334528                                               ; --                             ; --          ; --             ;
; SLD_NODE_PARAMETER_ASSIGNMENT       ; SLD_STORAGE_QUALIFIER_INVERSION_MASK_LENGTH=0                         ; --                             ; --          ; --             ;
; SLD_NODE_PARAMETER_ASSIGNMENT       ; SLD_ATTRIBUTE_MEM_MODE=OFF                                            ; --                             ; --          ; --             ;
; SLD_NODE_PARAMETER_ASSIGNMENT       ; SLD_STATE_FLOW_USE_GENERATED=0                                        ; --                             ; --          ; --             ;
; SLD_NODE_PARAMETER_ASSIGNMENT       ; SLD_STATE_BITS=11                                                     ; --                             ; --          ; --             ;
; SLD_NODE_PARAMETER_ASSIGNMENT       ; SLD_BUFFER_FULL_STOP=1                                                ; --                             ; --          ; --             ;
; SLD_NODE_PARAMETER_ASSIGNMENT       ; SLD_CURRENT_RESOURCE_WIDTH=1                                          ; --                             ; --          ; --             ;
; SLD_NODE_PARAMETER_ASSIGNMENT       ; SLD_TRIGGER_LEVEL=1                                                   ; --                             ; --          ; --             ;
; SLD_NODE_PARAMETER_ASSIGNMENT       ; SLD_ADVANCED_TRIGGER_ENTITY=basic,1,                                  ; --                             ; --          ; --             ;
; SLD_NODE_PARAMETER_ASSIGNMENT       ; SLD_TRIGGER_LEVEL_PIPELINE=1                                          ; --                             ; --          ; --             ;
; SLD_NODE_PARAMETER_ASSIGNMENT       ; SLD_ENABLE_ADVANCED_TRIGGER=0                                         ; --                             ; --          ; --             ;
; SLD_NODE_PARAMETER_ASSIGNMENT       ; SLD_DATA_BITS=8                                                       ; --                             ; --          ; --             ;
; SLD_NODE_PARAMETER_ASSIGNMENT       ; SLD_TRIGGER_BITS=8                                                    ; --                             ; --          ; --             ;
; SLD_NODE_PARAMETER_ASSIGNMENT       ; SLD_POWER_UP_TRIGGER=0                                                ; --                             ; --          ; --             ;
; SLD_NODE_PARAMETER_ASSIGNMENT       ; SLD_NODE_CRC_LOWORD=15760                                             ; --                             ; --          ; --             ;
; SLD_NODE_PARAMETER_ASSIGNMENT       ; SLD_TRIGGER_IN_ENABLED=0                                              ; --                             ; --          ; --             ;
; SLD_NODE_PARAMETER_ASSIGNMENT       ; SLD_INVERSION_MASK=00000000000000000000000000000000000000000000000000 ; --                             ; --          ; --             ;
; SLD_NODE_PARAMETER_ASSIGNMENT       ; SLD_INVERSION_MASK_LENGTH=50                                          ; --                             ; --          ; --             ;
; SLD_NODE_PARAMETER_ASSIGNMENT       ; SLD_SEGMENT_SIZE=4096                                                 ; --                             ; --          ; --             ;
; SLD_NODE_PARAMETER_ASSIGNMENT       ; SLD_NODE_CRC_HIWORD=2113                                              ; --                             ; --          ; --             ;
; SLD_NODE_PARAMETER_ASSIGNMENT       ; SLD_SAMPLE_DEPTH=4096                                                 ; --                             ; --          ; --             ;
; SMART_RECOMPILE                     ; On                                                                    ; Off                            ; --          ; --             ;
; USE_GENERATED_PHYSICAL_CONSTRAINTS  ; Off                                                                   ; --                             ; --          ; eda_blast_fpga ;
; USE_SIGNALTAP_FILE                  ; main.stp                                                              ; --                             ; --          ; --             ;
+-------------------------------------+-----------------------------------------------------------------------+--------------------------------+-------------+----------------+


+-----------------------------------------------------------------------------------------------------------------------------+
; Flow Elapsed Time                                                                                                           ;
+-------------------------+--------------+-------------------------+---------------------+------------------------------------+
; Module Name             ; Elapsed Time ; Average Processors Used ; Peak Virtual Memory ; Total CPU Time (on all processors) ;
+-------------------------+--------------+-------------------------+---------------------+------------------------------------+
; Analysis & Synthesis    ; 00:00:20     ; 1.0                     ; 206 MB              ; 00:00:18                           ;
; Fitter                  ; 00:00:27     ; 1.0                     ; 186 MB              ; 00:00:24                           ;
; Assembler               ; 00:00:08     ; 1.0                     ; 157 MB              ; 00:00:07                           ;
; Classic Timing Analyzer ; 00:00:03     ; 1.0                     ; 128 MB              ; 00:00:02                           ;
; Total                   ; 00:00:58     ; --                      ; --                  ; 00:00:51                           ;
+-------------------------+--------------+-------------------------+---------------------+------------------------------------+


+---------------------------------------------------------------------------------------+
; Flow OS Summary                                                                       ;
+-------------------------+------------------+------------+------------+----------------+
; Module Name             ; Machine Hostname ; OS Name    ; OS Version ; Processor type ;
+-------------------------+------------------+------------+------------+----------------+
; Analysis & Synthesis    ; pc               ; Windows XP ; 5.1        ; i1586          ;
; Fitter                  ; pc               ; Windows XP ; 5.1        ; i1586          ;
; Assembler               ; pc               ; Windows XP ; 5.1        ; i1586          ;
; Classic Timing Analyzer ; pc               ; Windows XP ; 5.1        ; i1586          ;
+-------------------------+------------------+------------+------------+----------------+


------------
; Flow Log ;
------------
quartus_map --read_settings_files=on --write_settings_files=off Êý×Ö´æ´¢Ê¾²¨Æ÷ -c main
quartus_fit --read_settings_files=off --write_settings_files=off Êý×Ö´æ´¢Ê¾²¨Æ÷ -c main
quartus_asm --read_settings_files=off --write_settings_files=off Êý×Ö´æ´¢Ê¾²¨Æ÷ -c main
quartus_tan --read_settings_files=off --write_settings_files=off Êý×Ö´æ´¢Ê¾²¨Æ÷ -c main --timing_analysis_only



