                              1 ;--------------------------------------------------------
                              2 ; File Created by SDCC : free open source ANSI-C Compiler
                              3 ; Version 2.8.0 #5117 (Jul 21 2008) (UNIX)
                              4 ; This file was generated Mon Aug  4 20:37:20 2008
                              5 ;--------------------------------------------------------
                              6 	.module keypad
                              7 	.optsdcc -mmcs51 --model-small
                              8 	
                              9 ;--------------------------------------------------------
                             10 ; Public variables in this module
                             11 ;--------------------------------------------------------
                             12 	.globl _CY
                             13 	.globl _AC
                             14 	.globl _F0
                             15 	.globl _RS1
                             16 	.globl _RS0
                             17 	.globl _OV
                             18 	.globl _F1
                             19 	.globl _P
                             20 	.globl _PS
                             21 	.globl _PT1
                             22 	.globl _PX1
                             23 	.globl _PT0
                             24 	.globl _PX0
                             25 	.globl _RD
                             26 	.globl _WR
                             27 	.globl _T1
                             28 	.globl _T0
                             29 	.globl _INT1
                             30 	.globl _INT0
                             31 	.globl _TXD
                             32 	.globl _RXD
                             33 	.globl _P3_7
                             34 	.globl _P3_6
                             35 	.globl _P3_5
                             36 	.globl _P3_4
                             37 	.globl _P3_3
                             38 	.globl _P3_2
                             39 	.globl _P3_1
                             40 	.globl _P3_0
                             41 	.globl _EA
                             42 	.globl _ES
                             43 	.globl _ET1
                             44 	.globl _EX1
                             45 	.globl _ET0
                             46 	.globl _EX0
                             47 	.globl _P2_7
                             48 	.globl _P2_6
                             49 	.globl _P2_5
                             50 	.globl _P2_4
                             51 	.globl _P2_3
                             52 	.globl _P2_2
                             53 	.globl _P2_1
                             54 	.globl _P2_0
                             55 	.globl _SM0
                             56 	.globl _SM1
                             57 	.globl _SM2
                             58 	.globl _REN
                             59 	.globl _TB8
                             60 	.globl _RB8
                             61 	.globl _TI
                             62 	.globl _RI
                             63 	.globl _P1_7
                             64 	.globl _P1_6
                             65 	.globl _P1_5
                             66 	.globl _P1_4
                             67 	.globl _P1_3
                             68 	.globl _P1_2
                             69 	.globl _P1_1
                             70 	.globl _P1_0
                             71 	.globl _TF1
                             72 	.globl _TR1
                             73 	.globl _TF0
                             74 	.globl _TR0
                             75 	.globl _IE1
                             76 	.globl _IT1
                             77 	.globl _IE0
                             78 	.globl _IT0
                             79 	.globl _P0_7
                             80 	.globl _P0_6
                             81 	.globl _P0_5
                             82 	.globl _P0_4
                             83 	.globl _P0_3
                             84 	.globl _P0_2
                             85 	.globl _P0_1
                             86 	.globl _P0_0
                             87 	.globl _B
                             88 	.globl _ACC
                             89 	.globl _PSW
                             90 	.globl _IP
                             91 	.globl _P3
                             92 	.globl _IE
                             93 	.globl _P2
                             94 	.globl _SBUF
                             95 	.globl _SCON
                             96 	.globl _P1
                             97 	.globl _TH1
                             98 	.globl _TH0
                             99 	.globl _TL1
                            100 	.globl _TL0
                            101 	.globl _TMOD
                            102 	.globl _TCON
                            103 	.globl _PCON
                            104 	.globl _DPH
                            105 	.globl _DPL
                            106 	.globl _SP
                            107 	.globl _P0
                            108 	.globl _key_make
                            109 	.globl _key_scan
                            110 ;--------------------------------------------------------
                            111 ; special function registers
                            112 ;--------------------------------------------------------
                            113 	.area RSEG    (DATA)
                    0080    114 _P0	=	0x0080
                    0081    115 _SP	=	0x0081
                    0082    116 _DPL	=	0x0082
                    0083    117 _DPH	=	0x0083
                    0087    118 _PCON	=	0x0087
                    0088    119 _TCON	=	0x0088
                    0089    120 _TMOD	=	0x0089
                    008A    121 _TL0	=	0x008a
                    008B    122 _TL1	=	0x008b
                    008C    123 _TH0	=	0x008c
                    008D    124 _TH1	=	0x008d
                    0090    125 _P1	=	0x0090
                    0098    126 _SCON	=	0x0098
                    0099    127 _SBUF	=	0x0099
                    00A0    128 _P2	=	0x00a0
                    00A8    129 _IE	=	0x00a8
                    00B0    130 _P3	=	0x00b0
                    00B8    131 _IP	=	0x00b8
                    00D0    132 _PSW	=	0x00d0
                    00E0    133 _ACC	=	0x00e0
                    00F0    134 _B	=	0x00f0
                            135 ;--------------------------------------------------------
                            136 ; special function bits
                            137 ;--------------------------------------------------------
                            138 	.area RSEG    (DATA)
                    0080    139 _P0_0	=	0x0080
                    0081    140 _P0_1	=	0x0081
                    0082    141 _P0_2	=	0x0082
                    0083    142 _P0_3	=	0x0083
                    0084    143 _P0_4	=	0x0084
                    0085    144 _P0_5	=	0x0085
                    0086    145 _P0_6	=	0x0086
                    0087    146 _P0_7	=	0x0087
                    0088    147 _IT0	=	0x0088
                    0089    148 _IE0	=	0x0089
                    008A    149 _IT1	=	0x008a
                    008B    150 _IE1	=	0x008b
                    008C    151 _TR0	=	0x008c
                    008D    152 _TF0	=	0x008d
                    008E    153 _TR1	=	0x008e
                    008F    154 _TF1	=	0x008f
                    0090    155 _P1_0	=	0x0090
                    0091    156 _P1_1	=	0x0091
                    0092    157 _P1_2	=	0x0092
                    0093    158 _P1_3	=	0x0093
                    0094    159 _P1_4	=	0x0094
                    0095    160 _P1_5	=	0x0095
                    0096    161 _P1_6	=	0x0096
                    0097    162 _P1_7	=	0x0097
                    0098    163 _RI	=	0x0098
                    0099    164 _TI	=	0x0099
                    009A    165 _RB8	=	0x009a
                    009B    166 _TB8	=	0x009b
                    009C    167 _REN	=	0x009c
                    009D    168 _SM2	=	0x009d
                    009E    169 _SM1	=	0x009e
                    009F    170 _SM0	=	0x009f
                    00A0    171 _P2_0	=	0x00a0
                    00A1    172 _P2_1	=	0x00a1
                    00A2    173 _P2_2	=	0x00a2
                    00A3    174 _P2_3	=	0x00a3
                    00A4    175 _P2_4	=	0x00a4
                    00A5    176 _P2_5	=	0x00a5
                    00A6    177 _P2_6	=	0x00a6
                    00A7    178 _P2_7	=	0x00a7
                    00A8    179 _EX0	=	0x00a8
                    00A9    180 _ET0	=	0x00a9
                    00AA    181 _EX1	=	0x00aa
                    00AB    182 _ET1	=	0x00ab
                    00AC    183 _ES	=	0x00ac
                    00AF    184 _EA	=	0x00af
                    00B0    185 _P3_0	=	0x00b0
                    00B1    186 _P3_1	=	0x00b1
                    00B2    187 _P3_2	=	0x00b2
                    00B3    188 _P3_3	=	0x00b3
                    00B4    189 _P3_4	=	0x00b4
                    00B5    190 _P3_5	=	0x00b5
                    00B6    191 _P3_6	=	0x00b6
                    00B7    192 _P3_7	=	0x00b7
                    00B0    193 _RXD	=	0x00b0
                    00B1    194 _TXD	=	0x00b1
                    00B2    195 _INT0	=	0x00b2
                    00B3    196 _INT1	=	0x00b3
                    00B4    197 _T0	=	0x00b4
                    00B5    198 _T1	=	0x00b5
                    00B6    199 _WR	=	0x00b6
                    00B7    200 _RD	=	0x00b7
                    00B8    201 _PX0	=	0x00b8
                    00B9    202 _PT0	=	0x00b9
                    00BA    203 _PX1	=	0x00ba
                    00BB    204 _PT1	=	0x00bb
                    00BC    205 _PS	=	0x00bc
                    00D0    206 _P	=	0x00d0
                    00D1    207 _F1	=	0x00d1
                    00D2    208 _OV	=	0x00d2
                    00D3    209 _RS0	=	0x00d3
                    00D4    210 _RS1	=	0x00d4
                    00D5    211 _F0	=	0x00d5
                    00D6    212 _AC	=	0x00d6
                    00D7    213 _CY	=	0x00d7
                            214 ;--------------------------------------------------------
                            215 ; overlayable register banks
                            216 ;--------------------------------------------------------
                            217 	.area REG_BANK_0	(REL,OVR,DATA)
   0000                     218 	.ds 8
                            219 ;--------------------------------------------------------
                            220 ; internal ram data
                            221 ;--------------------------------------------------------
                            222 	.area DSEG    (DATA)
                            223 ;--------------------------------------------------------
                            224 ; overlayable items in internal ram 
                            225 ;--------------------------------------------------------
                            226 	.area	OSEG    (OVR,DATA)
   0000                     227 _key_make_keytable_1_1::
   0000                     228 	.ds 32
                            229 	.area	OSEG    (OVR,DATA)
                            230 ;--------------------------------------------------------
                            231 ; indirectly addressable internal ram data
                            232 ;--------------------------------------------------------
                            233 	.area ISEG    (DATA)
                            234 ;--------------------------------------------------------
                            235 ; absolute internal ram data
                            236 ;--------------------------------------------------------
                            237 	.area IABS    (ABS,DATA)
                            238 	.area IABS    (ABS,DATA)
                            239 ;--------------------------------------------------------
                            240 ; bit data
                            241 ;--------------------------------------------------------
                            242 	.area BSEG    (BIT)
                            243 ;--------------------------------------------------------
                            244 ; paged external ram data
                            245 ;--------------------------------------------------------
                            246 	.area PSEG    (PAG,XDATA)
                            247 ;--------------------------------------------------------
                            248 ; external ram data
                            249 ;--------------------------------------------------------
                            250 	.area XSEG    (XDATA)
                            251 ;--------------------------------------------------------
                            252 ; absolute external ram data
                            253 ;--------------------------------------------------------
                            254 	.area XABS    (ABS,XDATA)
                            255 ;--------------------------------------------------------
                            256 ; external initialized ram data
                            257 ;--------------------------------------------------------
                            258 	.area XISEG   (XDATA)
                            259 	.area HOME    (CODE)
                            260 	.area GSINIT0 (CODE)
                            261 	.area GSINIT1 (CODE)
                            262 	.area GSINIT2 (CODE)
                            263 	.area GSINIT3 (CODE)
                            264 	.area GSINIT4 (CODE)
                            265 	.area GSINIT5 (CODE)
                            266 	.area GSINIT  (CODE)
                            267 	.area GSFINAL (CODE)
                            268 	.area CSEG    (CODE)
                            269 ;--------------------------------------------------------
                            270 ; global & static initialisations
                            271 ;--------------------------------------------------------
                            272 	.area HOME    (CODE)
                            273 	.area GSINIT  (CODE)
                            274 	.area GSFINAL (CODE)
                            275 	.area GSINIT  (CODE)
                            276 ;--------------------------------------------------------
                            277 ; Home
                            278 ;--------------------------------------------------------
                            279 	.area HOME    (CODE)
                            280 	.area HOME    (CODE)
                            281 ;--------------------------------------------------------
                            282 ; code
                            283 ;--------------------------------------------------------
                            284 	.area CSEG    (CODE)
                            285 ;------------------------------------------------------------
                            286 ;Allocation info for local variables in function 'key_make'
                            287 ;------------------------------------------------------------
                            288 ;key                       Allocated to registers r2 
                            289 ;i                         Allocated to registers r3 
                            290 ;keytable                  Allocated with name '_key_make_keytable_1_1'
                            291 ;------------------------------------------------------------
                            292 ;	keypad.c:11: char key_make(char key)
                            293 ;	-----------------------------------------
                            294 ;	 function key_make
                            295 ;	-----------------------------------------
   0000                     296 _key_make:
                    0002    297 	ar2 = 0x02
                    0003    298 	ar3 = 0x03
                    0004    299 	ar4 = 0x04
                    0005    300 	ar5 = 0x05
                    0006    301 	ar6 = 0x06
                    0007    302 	ar7 = 0x07
                    0000    303 	ar0 = 0x00
                    0001    304 	ar1 = 0x01
   0000 AA 82               305 	mov	r2,dpl
                            306 ;	keypad.c:22: struct keypad keytable[]={
   0002 75*00 EE            307 	mov	_key_make_keytable_1_1,#0xEE
   0005 75*01 01            308 	mov	(_key_make_keytable_1_1 + 0x0001),#0x01
   0008 75*02 DE            309 	mov	(_key_make_keytable_1_1 + 0x0002),#0xDE
   000B 75*03 02            310 	mov	(_key_make_keytable_1_1 + 0x0003),#0x02
   000E 75*04 BE            311 	mov	(_key_make_keytable_1_1 + 0x0004),#0xBE
   0011 75*05 03            312 	mov	(_key_make_keytable_1_1 + 0x0005),#0x03
   0014 75*06 7E            313 	mov	(_key_make_keytable_1_1 + 0x0006),#0x7E
   0017 75*07 77            314 	mov	(_key_make_keytable_1_1 + 0x0007),#0x77
   001A 75*08 ED            315 	mov	(_key_make_keytable_1_1 + 0x0008),#0xED
   001D 75*09 06            316 	mov	(_key_make_keytable_1_1 + 0x0009),#0x06
   0020 75*0A DD            317 	mov	(_key_make_keytable_1_1 + 0x000a),#0xDD
   0023 75*0B 05            318 	mov	(_key_make_keytable_1_1 + 0x000b),#0x05
   0026 75*0C BD            319 	mov	(_key_make_keytable_1_1 + 0x000c),#0xBD
   0029 75*0D 04            320 	mov	(_key_make_keytable_1_1 + 0x000d),#0x04
   002C 75*0E 7D            321 	mov	(_key_make_keytable_1_1 + 0x000e),#0x7D
   002F 75*0F 66            322 	mov	(_key_make_keytable_1_1 + 0x000f),#0x66
   0032 75*10 EB            323 	mov	(_key_make_keytable_1_1 + 0x0010),#0xEB
   0035 75*11 07            324 	mov	(_key_make_keytable_1_1 + 0x0011),#0x07
   0038 75*12 DB            325 	mov	(_key_make_keytable_1_1 + 0x0012),#0xDB
   003B 75*13 08            326 	mov	(_key_make_keytable_1_1 + 0x0013),#0x08
   003E 75*14 BB            327 	mov	(_key_make_keytable_1_1 + 0x0014),#0xBB
   0041 75*15 09            328 	mov	(_key_make_keytable_1_1 + 0x0015),#0x09
   0044 75*16 7B            329 	mov	(_key_make_keytable_1_1 + 0x0016),#0x7B
   0047 75*17 61            330 	mov	(_key_make_keytable_1_1 + 0x0017),#0x61
   004A 75*18 E7            331 	mov	(_key_make_keytable_1_1 + 0x0018),#0xE7
   004D 75*19 0A            332 	mov	(_key_make_keytable_1_1 + 0x0019),#0x0A
   0050 75*1A D7            333 	mov	(_key_make_keytable_1_1 + 0x001a),#0xD7
   0053 75*1B 00            334 	mov	(_key_make_keytable_1_1 + 0x001b),#0x00
   0056 75*1C B7            335 	mov	(_key_make_keytable_1_1 + 0x001c),#0xB7
   0059 75*1D 63            336 	mov	(_key_make_keytable_1_1 + 0x001d),#0x63
   005C 75*1E 77            337 	mov	(_key_make_keytable_1_1 + 0x001e),#0x77
   005F 75*1F 73            338 	mov	(_key_make_keytable_1_1 + 0x001f),#0x73
                            339 ;	keypad.c:29: for(i=16;i>=0;i--)
   0062 7B 10               340 	mov	r3,#0x10
   0064                     341 00103$:
   0064 EB                  342 	mov	a,r3
   0065 20 E7 16            343 	jb	acc.7,00106$
                            344 ;	keypad.c:31: if(keytable[i].index==key)
   0068 EB                  345 	mov	a,r3
   0069 2B                  346 	add	a,r3
   006A FC                  347 	mov	r4,a
   006B 24r00               348 	add	a,#_key_make_keytable_1_1
   006D F8                  349 	mov	r0,a
   006E E6                  350 	mov	a,@r0
   006F FD                  351 	mov	r5,a
   0070 B5 02 08            352 	cjne	a,ar2,00105$
                            353 ;	keypad.c:32: {	return keytable[i].value;}
   0073 EC                  354 	mov	a,r4
   0074 24r00               355 	add	a,#_key_make_keytable_1_1
   0076 04                  356 	inc	a
   0077 F8                  357 	mov	r0,a
   0078 86 82               358 	mov	dpl,@r0
   007A 22                  359 	ret
   007B                     360 00105$:
                            361 ;	keypad.c:29: for(i=16;i>=0;i--)
   007B 1B                  362 	dec	r3
   007C 80 E6               363 	sjmp	00103$
   007E                     364 00106$:
                            365 ;	keypad.c:34: return 'O';
   007E 75 82 4F            366 	mov	dpl,#0x4F
   0081 22                  367 	ret
                            368 ;------------------------------------------------------------
                            369 ;Allocation info for local variables in function 'key_scan'
                            370 ;------------------------------------------------------------
                            371 ;line                      Allocated to registers r2 
                            372 ;------------------------------------------------------------
                            373 ;	keypad.c:37: char key_scan(void)
                            374 ;	-----------------------------------------
                            375 ;	 function key_scan
                            376 ;	-----------------------------------------
   0082                     377 _key_scan:
                            378 ;	keypad.c:51: char line=0x08;			//行扫描起始码(00001000B)
   0082 7A 08               379 	mov	r2,#0x08
                            380 ;	keypad.c:53: while(line){
   0084                     381 00103$:
   0084 EA                  382 	mov	a,r2
   0085 60 23               383 	jz	00105$
                            384 ;	keypad.c:54: P1=~line;
   0087 EA                  385 	mov	a,r2
   0088 F4                  386 	cpl	a
   0089 F5 90               387 	mov	_P1,a
                            388 ;	keypad.c:55: if((P1>>4)!=0x0f) break;
   008B E5 90               389 	mov	a,_P1
   008D C4                  390 	swap	a
   008E 54 0F               391 	anl	a,#0x0f
   0090 FB                  392 	mov	r3,a
   0091 BB 0F 16            393 	cjne	r3,#0x0F,00105$
                            394 ;	keypad.c:56: line/=2;
   0094 C2 D5               395 	clr	F0
   0096 75 F0 02            396 	mov	b,#0x02
   0099 EA                  397 	mov	a,r2
   009A 30 E7 04            398 	jnb	acc.7,00114$
   009D B2 D5               399 	cpl	F0
   009F F4                  400 	cpl	a
   00A0 04                  401 	inc	a
   00A1                     402 00114$:
   00A1 84                  403 	div	ab
   00A2 30 D5 02            404 	jnb	F0,00115$
   00A5 F4                  405 	cpl	a
   00A6 04                  406 	inc	a
   00A7                     407 00115$:
   00A7 FA                  408 	mov	r2,a
   00A8 80 DA               409 	sjmp	00103$
   00AA                     410 00105$:
                            411 ;	keypad.c:58: line=P1;
   00AA AA 90               412 	mov	r2,_P1
                            413 ;	keypad.c:59: P1=0xf0; //重新初始化P1口，自己的事情自己搞完
   00AC 75 90 F0            414 	mov	_P1,#0xF0
                            415 ;	keypad.c:60: return line;
   00AF 8A 82               416 	mov	dpl,r2
   00B1 22                  417 	ret
                            418 	.area CSEG    (CODE)
                            419 	.area CONST   (CODE)
                            420 	.area XINIT   (CODE)
                            421 	.area CABS    (ABS,CODE)
